# JRE version: Java(TM) SE Runtime Environment (8.0_111-b14) (build 1.8.0_111-b14)
# Java VM: Java HotSpot(TM) 64-Bit Server VM (25.111-b14 mixed mode windows-amd64 compressed oops)
Heap:
 PSYoungGen      total 510464K, used 313311K [0x00000000d5b00000, 0x00000000fec00000, 0x0000000100000000)
  eden space 509952K, 61% used [0x00000000d5b00000,0x00000000e8cb7f88,0x00000000f4d00000)
  from space 512K, 50% used [0x00000000feb80000,0x00000000febc0000,0x00000000fec00000)
  to   space 4608K, 0% used [0x00000000fe300000,0x00000000fe300000,0x00000000fe780000)
 ParOldGen       total 87552K, used 5934K [0x0000000081000000, 0x0000000086580000, 0x00000000d5b00000)
  object space 87552K, 6% used [0x0000000081000000,0x00000000815cb9f0,0x0000000086580000)
 Metaspace       used 11662K, capacity 11868K, committed 12032K, reserved 1060864K
  class space    used 1332K, capacity 1410K, committed 1536K, reserved 1048576K
GC Heap History (10 events):
Event: 82.547 GC heap before
{Heap before GC invocations=14 (full 0):
 PSYoungGen      total 649216K, used 649088K [0x00000000d5b00000, 0x00000000ffa00000, 0x0000000100000000)
  eden space 648704K, 100% used [0x00000000d5b00000,0x00000000fd480000,0x00000000fd480000)
  from space 512K, 75% used [0x00000000ff400000,0x00000000ff460010,0x00000000ff480000)
  to   space 5632K, 0% used [0x00000000ff480000,0x00000000ff480000,0x00000000ffa00000)
 ParOldGen       total 87552K, used 4446K [0x0000000081000000, 0x0000000086580000, 0x00000000d5b00000)
  object space 87552K, 5% used [0x0000000081000000,0x00000000814579c0,0x0000000086580000)
 Metaspace       used 11551K, capacity 11804K, committed 12032K, reserved 1060864K
  class space    used 1330K, capacity 1410K, committed 1536K, reserved 1048576K
Event: 82.549 GC heap after
Heap after GC invocations=14 (full 0):
 PSYoungGen      total 618496K, used 320K [0x00000000d5b00000, 0x00000000ff500000, 0x0000000100000000)
  eden space 617984K, 0% used [0x00000000d5b00000,0x00000000d5b00000,0x00000000fb680000)
  from space 512K, 62% used [0x00000000ff480000,0x00000000ff4d0000,0x00000000ff500000)
  to   space 5632K, 0% used [0x00000000fea00000,0x00000000fea00000,0x00000000fef80000)
 ParOldGen       total 87552K, used 4766K [0x0000000081000000, 0x0000000086580000, 0x00000000d5b00000)
  object space 87552K, 5% used [0x0000000081000000,0x00000000814a79d0,0x0000000086580000)
 Metaspace       used 11551K, capacity 11804K, committed 12032K, reserved 1060864K
  class space    used 1330K, capacity 1410K, committed 1536K, reserved 1048576K
}
Event: 93.825 GC heap before
{Heap before GC invocations=15 (full 0):
 PSYoungGen      total 618496K, used 618304K [0x00000000d5b00000, 0x00000000ff500000, 0x0000000100000000)
  eden space 617984K, 100% used [0x00000000d5b00000,0x00000000fb680000,0x00000000fb680000)
  from space 512K, 62% used [0x00000000ff480000,0x00000000ff4d0000,0x00000000ff500000)
  to   space 5632K, 0% used [0x00000000fea00000,0x00000000fea00000,0x00000000fef80000)
 ParOldGen       total 87552K, used 4766K [0x0000000081000000, 0x0000000086580000, 0x00000000d5b00000)
  object space 87552K, 5% used [0x0000000081000000,0x00000000814a79d0,0x0000000086580000)
 Metaspace       used 11554K, capacity 11804K, committed 12032K, reserved 1060864K
  class space    used 1330K, capacity 1410K, committed 1536K, reserved 1048576K
Event: 93.827 GC heap after
Heap after GC invocations=15 (full 0):
 PSYoungGen      total 594432K, used 384K [0x00000000d5b00000, 0x00000000ff500000, 0x0000000100000000)
  eden space 588800K, 0% used [0x00000000d5b00000,0x00000000d5b00000,0x00000000f9a00000)
  from space 5632K, 6% used [0x00000000fea00000,0x00000000fea60010,0x00000000fef80000)
  to   space 5120K, 0% used [0x00000000ff000000,0x00000000ff000000,0x00000000ff500000)
 ParOldGen       total 87552K, used 5054K [0x0000000081000000, 0x0000000086580000, 0x00000000d5b00000)
  object space 87552K, 5% used [0x0000000081000000,0x00000000814ef9d0,0x0000000086580000)
 Metaspace       used 11554K, capacity 11804K, committed 12032K, reserved 1060864K
  class space    used 1330K, capacity 1410K, committed 1536K, reserved 1048576K
}
Event: 117.362 GC heap before
{Heap before GC invocations=16 (full 0):
 PSYoungGen      total 594432K, used 589184K [0x00000000d5b00000, 0x00000000ff500000, 0x0000000100000000)
  eden space 588800K, 100% used [0x00000000d5b00000,0x00000000f9a00000,0x00000000f9a00000)
  from space 5632K, 6% used [0x00000000fea00000,0x00000000fea60010,0x00000000fef80000)
  to   space 5120K, 0% used [0x00000000ff000000,0x00000000ff000000,0x00000000ff500000)
 ParOldGen       total 87552K, used 5054K [0x0000000081000000, 0x0000000086580000, 0x00000000d5b00000)
  object space 87552K, 5% used [0x0000000081000000,0x00000000814ef9d0,0x0000000086580000)
 Metaspace       used 11588K, capacity 11804K, committed 12032K, reserved 1060864K
  class space    used 1331K, capacity 1410K, committed 1536K, reserved 1048576K
Event: 117.369 GC heap after
Heap after GC invocations=16 (full 0):
 PSYoungGen      total 561664K, used 352K [0x00000000d5b00000, 0x00000000ff080000, 0x0000000100000000)
  eden space 561152K, 0% used [0x00000000d5b00000,0x00000000d5b00000,0x00000000f7f00000)
  from space 512K, 68% used [0x00000000ff000000,0x00000000ff058010,0x00000000ff080000)
  to   space 5120K, 0% used [0x00000000fe680000,0x00000000fe680000,0x00000000feb80000)
 ParOldGen       total 87552K, used 5374K [0x0000000081000000, 0x0000000086580000, 0x00000000d5b00000)
  object space 87552K, 6% used [0x0000000081000000,0x000000008153f9e0,0x0000000086580000)
 Metaspace       used 11588K, capacity 11804K, committed 12032K, reserved 1060864K
  class space    used 1331K, capacity 1410K, committed 1536K, reserved 1048576K
}
Event: 167.479 GC heap before
{Heap before GC invocations=17 (full 0):
 PSYoungGen      total 561664K, used 561504K [0x00000000d5b00000, 0x00000000ff080000, 0x0000000100000000)
  eden space 561152K, 100% used [0x00000000d5b00000,0x00000000f7f00000,0x00000000f7f00000)
  from space 512K, 68% used [0x00000000ff000000,0x00000000ff058010,0x00000000ff080000)
  to   space 5120K, 0% used [0x00000000fe680000,0x00000000fe680000,0x00000000feb80000)
 ParOldGen       total 87552K, used 5374K [0x0000000081000000, 0x0000000086580000, 0x00000000d5b00000)
  object space 87552K, 6% used [0x0000000081000000,0x000000008153f9e0,0x0000000086580000)
 Metaspace       used 11624K, capacity 11868K, committed 12032K, reserved 1060864K
  class space    used 1331K, capacity 1410K, committed 1536K, reserved 1048576K
Event: 167.481 GC heap after
Heap after GC invocations=17 (full 0):
 PSYoungGen      total 540160K, used 256K [0x00000000d5b00000, 0x00000000ff080000, 0x0000000100000000)
  eden space 535040K, 0% used [0x00000000d5b00000,0x00000000d5b00000,0x00000000f6580000)
  from space 5120K, 5% used [0x00000000fe680000,0x00000000fe6c0000,0x00000000feb80000)
  to   space 5120K, 0% used [0x00000000feb80000,0x00000000feb80000,0x00000000ff080000)
 ParOldGen       total 87552K, used 5710K [0x0000000081000000, 0x0000000086580000, 0x00000000d5b00000)
  object space 87552K, 6% used [0x0000000081000000,0x00000000815939f0,0x0000000086580000)
 Metaspace       used 11624K, capacity 11868K, committed 12032K, reserved 1060864K
  class space    used 1331K, capacity 1410K, committed 1536K, reserved 1048576K
}
Event: 189.893 GC heap before
{Heap before GC invocations=18 (full 0):
 PSYoungGen      total 540160K, used 535296K [0x00000000d5b00000, 0x00000000ff080000, 0x0000000100000000)
  eden space 535040K, 100% used [0x00000000d5b00000,0x00000000f6580000,0x00000000f6580000)
  from space 5120K, 5% used [0x00000000fe680000,0x00000000fe6c0000,0x00000000feb80000)
  to   space 5120K, 0% used [0x00000000feb80000,0x00000000feb80000,0x00000000ff080000)
 ParOldGen       total 87552K, used 5710K [0x0000000081000000, 0x0000000086580000, 0x00000000d5b00000)
  object space 87552K, 6% used [0x0000000081000000,0x00000000815939f0,0x0000000086580000)
 Metaspace       used 11662K, capacity 11868K, committed 12032K, reserved 1060864K
  class space    used 1332K, capacity 1410K, committed 1536K, reserved 1048576K
Event: 189.895 GC heap after
Heap after GC invocations=18 (full 0):
 PSYoungGen      total 510464K, used 256K [0x00000000d5b00000, 0x00000000fec00000, 0x0000000100000000)
  eden space 509952K, 0% used [0x00000000d5b00000,0x00000000d5b00000,0x00000000f4d00000)
  from space 512K, 50% used [0x00000000feb80000,0x00000000febc0000,0x00000000fec00000)
  to   space 4608K, 0% used [0x00000000fe300000,0x00000000fe300000,0x00000000fe780000)
 ParOldGen       total 87552K, used 5934K [0x0000000081000000, 0x0000000086580000, 0x00000000d5b00000)
  object space 87552K, 6% used [0x0000000081000000,0x00000000815cb9f0,0x0000000086580000)
 Metaspace       used 11662K, capacity 11868K, committed 12032K, reserved 1060864K
  class space    used 1332K, capacity 1410K, committed 1536K, reserved 1048576K
}

